# JRE version: Java(TM) SE Runtime Environment (21.0+35) (build 21+35-LTS-2513)
# Java VM: Java HotSpot(TM) 64-Bit Server VM (21+35-LTS-2513, mixed mode, sharing, tiered, compressed oops, compressed class ptrs, g1 gc, windows-amd64)
GC Precious Log:
 CardTable entry size: 512
 Card Set container configuration: InlinePtr #cards 4 size 8 Array Of Cards #cards 32 size 80 Howl #buckets 8 coarsen threshold 7372 Howl Bitmap #cards 1024 size 144 coarsen threshold 921 Card regions per heap region 1 cards per card region 8192
 CPUs: 8 total, 8 available
 Memory: 7975M
 Large Page Support: Disabled
 NUMA Support: Disabled
 Compressed Oops: Enabled (Zero based)
 Heap Region Size: 4M
 Heap Min Capacity: 8M
 Heap Initial Capacity: 128M
 Heap Max Capacity: 8G
 Pre-touch: Disabled
 Parallel Workers: 8
 Concurrent Workers: 2
 Concurrent Refinement Workers: 8
 Periodic GC: Disabled
Heap:
 garbage-first heap   total 282624K, used 202967K [0x0000000600000000, 0x0000000800000000)
  region size 4096K, 2 young (8192K), 2 survivors (8192K)
 Metaspace       used 141100K, committed 143552K, reserved 1179648K
  class space    used 18418K, committed 19648K, reserved 1048576K
GC Heap History (20 events):
Event: 38.777 GC heap after
{Heap after GC invocations=36 (full 0):
 garbage-first heap   total 204800K, used 117153K [0x0000000600000000, 0x0000000800000000)
  region size 4096K, 3 young (12288K), 3 survivors (12288K)
 Metaspace       used 107870K, committed 110208K, reserved 1179648K
  class space    used 14748K, committed 15936K, reserved 1048576K
}
Event: 40.696 GC heap before
{Heap before GC invocations=36 (full 0):
 garbage-first heap   total 204800K, used 174497K [0x0000000600000000, 0x0000000800000000)
  region size 4096K, 17 young (69632K), 3 survivors (12288K)
 Metaspace       used 111046K, committed 113344K, reserved 1179648K
  class space    used 15091K, committed 16256K, reserved 1048576K
}
Event: 40.711 GC heap after
{Heap after GC invocations=37 (full 0):
 garbage-first heap   total 204800K, used 122705K [0x0000000600000000, 0x0000000800000000)
  region size 4096K, 3 young (12288K), 3 survivors (12288K)
 Metaspace       used 111046K, committed 113344K, reserved 1179648K
  class space    used 15091K, committed 16256K, reserved 1048576K
}
Event: 42.633 GC heap before
{Heap before GC invocations=38 (full 0):
 garbage-first heap   total 221184K, used 171857K [0x0000000600000000, 0x0000000800000000)
  region size 4096K, 15 young (61440K), 3 survivors (12288K)
 Metaspace       used 114741K, committed 117120K, reserved 1179648K
  class space    used 15423K, committed 16640K, reserved 1048576K
}
Event: 42.649 GC heap after
{Heap after GC invocations=39 (full 0):
 garbage-first heap   total 221184K, used 129114K [0x0000000600000000, 0x0000000800000000)
  region size 4096K, 2 young (8192K), 2 survivors (8192K)
 Metaspace       used 114741K, committed 117120K, reserved 1179648K
  class space    used 15423K, committed 16640K, reserved 1048576K
}
Event: 44.243 GC heap before
{Heap before GC invocations=39 (full 0):
 garbage-first heap   total 221184K, used 194650K [0x0000000600000000, 0x0000000800000000)
  region size 4096K, 18 young (73728K), 2 survivors (8192K)
 Metaspace       used 122087K, committed 124480K, reserved 1179648K
  class space    used 16256K, committed 17472K, reserved 1048576K
}
Event: 44.259 GC heap after
{Heap after GC invocations=40 (full 0):
 garbage-first heap   total 221184K, used 132438K [0x0000000600000000, 0x0000000800000000)
  region size 4096K, 3 young (12288K), 3 survivors (12288K)
 Metaspace       used 122087K, committed 124480K, reserved 1179648K
  class space    used 16256K, committed 17472K, reserved 1048576K
}
Event: 45.983 GC heap before
{Heap before GC invocations=40 (full 0):
 garbage-first heap   total 221184K, used 189782K [0x0000000600000000, 0x0000000800000000)
  region size 4096K, 17 young (69632K), 3 survivors (12288K)
 Metaspace       used 130675K, committed 132992K, reserved 1179648K
  class space    used 17067K, committed 18240K, reserved 1048576K
}
Event: 45.999 GC heap after
{Heap after GC invocations=41 (full 0):
 garbage-first heap   total 221184K, used 134044K [0x0000000600000000, 0x0000000800000000)
  region size 4096K, 2 young (8192K), 2 survivors (8192K)
 Metaspace       used 130675K, committed 132992K, reserved 1179648K
  class space    used 17067K, committed 18240K, reserved 1048576K
}
Event: 48.647 GC heap before
{Heap before GC invocations=42 (full 0):
 garbage-first heap   total 245760K, used 195484K [0x0000000600000000, 0x0000000800000000)
  region size 4096K, 17 young (69632K), 2 survivors (8192K)
 Metaspace       used 136016K, committed 138432K, reserved 1179648K
  class space    used 17790K, committed 19008K, reserved 1048576K
}
Event: 48.661 GC heap after
{Heap after GC invocations=43 (full 0):
 garbage-first heap   total 245760K, used 128034K [0x0000000600000000, 0x0000000800000000)
  region size 4096K, 2 young (8192K), 2 survivors (8192K)
 Metaspace       used 136016K, committed 138432K, reserved 1179648K
  class space    used 17790K, committed 19008K, reserved 1048576K
}
Event: 56.352 GC heap before
{Heap before GC invocations=43 (full 0):
 garbage-first heap   total 245760K, used 218146K [0x0000000600000000, 0x0000000800000000)
  region size 4096K, 24 young (98304K), 2 survivors (8192K)
 Metaspace       used 139273K, committed 141760K, reserved 1179648K
  class space    used 18277K, committed 19520K, reserved 1048576K
}
Event: 56.394 GC heap after
{Heap after GC invocations=44 (full 0):
 garbage-first heap   total 249856K, used 146495K [0x0000000600000000, 0x0000000800000000)
  region size 4096K, 3 young (12288K), 3 survivors (12288K)
 Metaspace       used 139273K, committed 141760K, reserved 1179648K
  class space    used 18277K, committed 19520K, reserved 1048576K
}
Event: 57.499 GC heap before
{Heap before GC invocations=44 (full 0):
 garbage-first heap   total 249856K, used 179263K [0x0000000600000000, 0x0000000800000000)
  region size 4096K, 12 young (49152K), 3 survivors (12288K)
 Metaspace       used 140005K, committed 142464K, reserved 1179648K
  class space    used 18373K, committed 19584K, reserved 1048576K
}
Event: 57.511 GC heap after
{Heap after GC invocations=45 (full 0):
 garbage-first heap   total 249856K, used 148702K [0x0000000600000000, 0x0000000800000000)
  region size 4096K, 1 young (4096K), 1 survivors (4096K)
 Metaspace       used 140005K, committed 142464K, reserved 1179648K
  class space    used 18373K, committed 19584K, reserved 1048576K
}
Event: 59.514 GC heap before
{Heap before GC invocations=46 (full 0):
 garbage-first heap   total 274432K, used 230622K [0x0000000600000000, 0x0000000800000000)
  region size 4096K, 18 young (73728K), 1 survivors (4096K)
 Metaspace       used 140064K, committed 142528K, reserved 1179648K
  class space    used 18375K, committed 19584K, reserved 1048576K
}
Event: 59.537 GC heap after
{Heap after GC invocations=47 (full 0):
 garbage-first heap   total 274432K, used 166741K [0x0000000600000000, 0x0000000800000000)
  region size 4096K, 3 young (12288K), 3 survivors (12288K)
 Metaspace       used 140064K, committed 142528K, reserved 1179648K
  class space    used 18375K, committed 19584K, reserved 1048576K
}
Event: 60.235 GC heap before
{Heap before GC invocations=47 (full 0):
 garbage-first heap   total 274432K, used 244565K [0x0000000600000000, 0x0000000800000000)
  region size 4096K, 20 young (81920K), 3 survivors (12288K)
 Metaspace       used 140265K, committed 142720K, reserved 1179648K
  class space    used 18381K, committed 19584K, reserved 1048576K
}
Event: 60.275 GC heap after
{Heap after GC invocations=48 (full 0):
 garbage-first heap   total 282624K, used 193224K [0x0000000600000000, 0x0000000800000000)
  region size 4096K, 3 young (12288K), 3 survivors (12288K)
 Metaspace       used 140265K, committed 142720K, reserved 1179648K
  class space    used 18381K, committed 19584K, reserved 1048576K
}
Event: 61.675 GC heap before
{Heap before GC invocations=48 (full 0):
 garbage-first heap   total 282624K, used 246472K [0x0000000600000000, 0x0000000800000000)
  region size 4096K, 16 young (65536K), 3 survivors (12288K)
 Metaspace       used 141100K, committed 143552K, reserved 1179648K
  class space    used 18418K, committed 19648K, reserved 1048576K
}

