# JRE version: OpenJDK Runtime Environment Temurin-11.0.21+9 (11.0.21+9) (build 11.0.21+9)
# Java VM: OpenJDK 64-Bit Server VM Temurin-11.0.21+9 (11.0.21+9, mixed mode, tiered, compressed oops, g1 gc, windows-amd64)
Heap:
 garbage-first heap   total 227328K, used 176094K [0x0000000600000000, 0x0000000800000000)
  region size 2048K, 43 young (88064K), 2 survivors (4096K)
 Metaspace       used 130992K, capacity 133744K, committed 133888K, reserved 1165312K
  class space    used 16054K, capacity 17054K, committed 17152K, reserved 1048576K
GC Heap History (20 events):
Event: 38.687 GC heap before
{Heap before GC invocations=48 (full 0):
 garbage-first heap   total 155648K, used 124285K [0x0000000600000000, 0x0000000800000000)
  region size 2048K, 27 young (55296K), 3 survivors (6144K)
 Metaspace       used 93231K, capacity 95238K, committed 95488K, reserved 1132544K
  class space    used 11695K, capacity 12459K, committed 12544K, reserved 1048576K
}
Event: 38.696 GC heap after
{Heap after GC invocations=49 (full 0):
 garbage-first heap   total 155648K, used 79594K [0x0000000600000000, 0x0000000800000000)
  region size 2048K, 3 young (6144K), 3 survivors (6144K)
 Metaspace       used 93231K, capacity 95238K, committed 95488K, reserved 1132544K
  class space    used 11695K, capacity 12459K, committed 12544K, reserved 1048576K
}
Event: 39.165 GC heap before
{Heap before GC invocations=50 (full 0):
 garbage-first heap   total 155648K, used 128746K [0x0000000600000000, 0x0000000800000000)
  region size 2048K, 27 young (55296K), 3 survivors (6144K)
 Metaspace       used 95379K, capacity 97364K, committed 97536K, reserved 1134592K
  class space    used 11946K, capacity 12720K, committed 12800K, reserved 1048576K
}
Event: 39.173 GC heap after
{Heap after GC invocations=51 (full 0):
 garbage-first heap   total 155648K, used 82417K [0x0000000600000000, 0x0000000800000000)
  region size 2048K, 3 young (6144K), 3 survivors (6144K)
 Metaspace       used 95379K, capacity 97364K, committed 97536K, reserved 1134592K
  class space    used 11946K, capacity 12720K, committed 12800K, reserved 1048576K
}
Event: 39.630 GC heap before
{Heap before GC invocations=51 (full 0):
 garbage-first heap   total 155648K, used 129521K [0x0000000600000000, 0x0000000800000000)
  region size 2048K, 26 young (53248K), 3 survivors (6144K)
 Metaspace       used 98181K, capacity 100183K, committed 100352K, reserved 1136640K
  class space    used 12253K, capacity 13019K, committed 13056K, reserved 1048576K
}
Event: 39.640 GC heap after
{Heap after GC invocations=52 (full 0):
 garbage-first heap   total 188416K, used 84547K [0x0000000600000000, 0x0000000800000000)
  region size 2048K, 3 young (6144K), 3 survivors (6144K)
 Metaspace       used 98181K, capacity 100183K, committed 100352K, reserved 1136640K
  class space    used 12253K, capacity 13019K, committed 13056K, reserved 1048576K
}
Event: 40.486 GC heap before
{Heap before GC invocations=53 (full 0):
 garbage-first heap   total 188416K, used 145987K [0x0000000600000000, 0x0000000800000000)
  region size 2048K, 33 young (67584K), 3 survivors (6144K)
 Metaspace       used 102901K, capacity 104920K, committed 105216K, reserved 1140736K
  class space    used 12705K, capacity 13488K, committed 13568K, reserved 1048576K
}
Event: 40.493 GC heap after
{Heap after GC invocations=54 (full 0):
 garbage-first heap   total 188416K, used 87997K [0x0000000600000000, 0x0000000800000000)
  region size 2048K, 5 young (10240K), 5 survivors (10240K)
 Metaspace       used 102901K, capacity 104920K, committed 105216K, reserved 1140736K
  class space    used 12705K, capacity 13488K, committed 13568K, reserved 1048576K
}
Event: 41.041 GC heap before
{Heap before GC invocations=54 (full 0):
 garbage-first heap   total 188416K, used 147389K [0x0000000600000000, 0x0000000800000000)
  region size 2048K, 34 young (69632K), 5 survivors (10240K)
 Metaspace       used 107386K, capacity 109389K, committed 109568K, reserved 1144832K
  class space    used 13262K, capacity 14040K, committed 14080K, reserved 1048576K
}
Event: 41.047 GC heap after
{Heap after GC invocations=55 (full 0):
 garbage-first heap   total 188416K, used 89664K [0x0000000600000000, 0x0000000800000000)
  region size 2048K, 3 young (6144K), 3 survivors (6144K)
 Metaspace       used 107386K, capacity 109389K, committed 109568K, reserved 1144832K
  class space    used 13262K, capacity 14040K, committed 14080K, reserved 1048576K
}
Event: 41.646 GC heap before
{Heap before GC invocations=55 (full 0):
 garbage-first heap   total 188416K, used 149056K [0x0000000600000000, 0x0000000800000000)
  region size 2048K, 32 young (65536K), 3 survivors (6144K)
 Metaspace       used 113862K, capacity 115856K, committed 116096K, reserved 1150976K
  class space    used 13899K, capacity 14681K, committed 14720K, reserved 1048576K
}
Event: 41.656 GC heap after
{Heap after GC invocations=56 (full 0):
 garbage-first heap   total 188416K, used 90353K [0x0000000600000000, 0x0000000800000000)
  region size 2048K, 2 young (4096K), 2 survivors (4096K)
 Metaspace       used 113862K, capacity 115856K, committed 116096K, reserved 1150976K
  class space    used 13899K, capacity 14681K, committed 14720K, reserved 1048576K
}
Event: 42.707 GC heap before
{Heap before GC invocations=57 (full 0):
 garbage-first heap   total 188416K, used 151793K [0x0000000600000000, 0x0000000800000000)
  region size 2048K, 32 young (65536K), 2 survivors (4096K)
 Metaspace       used 119642K, capacity 121794K, committed 122112K, reserved 1157120K
  class space    used 14454K, capacity 15294K, committed 15360K, reserved 1048576K
}
Event: 42.711 GC heap after
{Heap after GC invocations=58 (full 0):
 garbage-first heap   total 227328K, used 90664K [0x0000000600000000, 0x0000000800000000)
  region size 2048K, 2 young (4096K), 2 survivors (4096K)
 Metaspace       used 119642K, capacity 121794K, committed 122112K, reserved 1157120K
  class space    used 14454K, capacity 15294K, committed 15360K, reserved 1048576K
}
Event: 44.467 GC heap before
{Heap before GC invocations=58 (full 0):
 garbage-first heap   total 227328K, used 172584K [0x0000000600000000, 0x0000000800000000)
  region size 2048K, 42 young (86016K), 2 survivors (4096K)
 Metaspace       used 121083K, capacity 123378K, committed 123648K, reserved 1157120K
  class space    used 14649K, capacity 15498K, committed 15616K, reserved 1048576K
}
Event: 44.478 GC heap after
{Heap after GC invocations=59 (full 0):
 garbage-first heap   total 227328K, used 98111K [0x0000000600000000, 0x0000000800000000)
  region size 2048K, 5 young (10240K), 5 survivors (10240K)
 Metaspace       used 121083K, capacity 123378K, committed 123648K, reserved 1157120K
  class space    used 14649K, capacity 15498K, committed 15616K, reserved 1048576K
}
Event: 46.631 GC heap before
{Heap before GC invocations=59 (full 0):
 garbage-first heap   total 227328K, used 177983K [0x0000000600000000, 0x0000000800000000)
  region size 2048K, 44 young (90112K), 5 survivors (10240K)
 Metaspace       used 124835K, capacity 127223K, committed 127488K, reserved 1161216K
  class space    used 15191K, capacity 16074K, committed 16128K, reserved 1048576K
}
Event: 46.642 GC heap after
{Heap after GC invocations=60 (full 0):
 garbage-first heap   total 227328K, used 94063K [0x0000000600000000, 0x0000000800000000)
  region size 2048K, 2 young (4096K), 2 survivors (4096K)
 Metaspace       used 124835K, capacity 127223K, committed 127488K, reserved 1161216K
  class space    used 15191K, capacity 16074K, committed 16128K, reserved 1048576K
}
Event: 47.641 GC heap before
{Heap before GC invocations=60 (full 0):
 garbage-first heap   total 227328K, used 178031K [0x0000000600000000, 0x0000000800000000)
  region size 2048K, 43 young (88064K), 2 survivors (4096K)
 Metaspace       used 126060K, capacity 128478K, committed 128640K, reserved 1161216K
  class space    used 15313K, capacity 16195K, committed 16256K, reserved 1048576K
}
Event: 47.645 GC heap after
{Heap after GC invocations=61 (full 0):
 garbage-first heap   total 227328K, used 94174K [0x0000000600000000, 0x0000000800000000)
  region size 2048K, 2 young (4096K), 2 survivors (4096K)
 Metaspace       used 126060K, capacity 128478K, committed 128640K, reserved 1161216K
  class space    used 15313K, capacity 16195K, committed 16256K, reserved 1048576K
}

